objc[41761]: Class AXEmojiUtilities is implemented in both /Applications/Xcode.app/Contents/Developer/Platforms/iPhoneSimulator.platform/Developer/SDKs/iPhoneSimulator7.1.sdk/System/Library/PrivateFrameworks/AccessibilityUtilities.framework/AccessibilityUtilities and /Applications/Xcode.app/Contents/Developer/Platforms/iPhoneSimulator.platform/Developer/SDKs/iPhoneSimulator7.1.sdk/usr/lib/libAXSpeechManager.dylib. One of the two will be used. Which one is undefined.
2014-06-03 14:01:03.539 Trucking[41761:70b] Cannot find executable for CFBundle 0xa988ed0 </Applications/Xcode.app/Contents/Developer/Platforms/iPhoneSimulator.platform/Developer/SDKs/iPhoneSimulator7.1.sdk/System/Library/AccessibilityBundles/CertUIFramework.axbundle> (not loaded)
2014-06-03 14:01:03.547 Trucking[41761:70b] Cannot find executable for CFBundle 0xa9a1120 </Applications/Xcode.app/Contents/Developer/Platforms/iPhoneSimulator.platform/Developer/SDKs/iPhoneSimulator7.1.sdk/System/Library/AccessibilityBundles/GeoServices.axbundle> (not loaded)
2014-06-03 14:01:03.593 Trucking[41761:70b] Multi-tasking -> Device: YES, App: YES
2014-06-03 14:01:03.625 Trucking[41761:70b] Unlimited access to network resources
2014-06-03 14:01:03.747 Trucking[41761:70b] [CDVTimer][keyboard] 0.147045ms
2014-06-03 14:01:03.747 Trucking[41761:70b] [CDVTimer][TotalPluginStartup] 0.679970ms
2014-06-03 14:01:03.931 Trucking[41761:70b] Resetting plugins due to page load.
2014-06-03 14:01:04.336 Trucking[41761:70b] Finished load of: file:///Users/paolob/Library/Application%20Support/iPhone%20Simulator/7.1/Applications/FCD662B9-A270-47A9-9149-7AED2E3173F9/Trucking.app/www/index.html#/despachos/start
2014-06-03 14:01:04.480 Trucking[41761:70b] ionic is ready
Terminating in response to SpringBoard's termination.
objc[42785]: Class AXEmojiUtilities is implemented in both /Applications/Xcode.app/Contents/Developer/Platforms/iPhoneSimulator.platform/Developer/SDKs/iPhoneSimulator7.1.sdk/System/Library/PrivateFrameworks/AccessibilityUtilities.framework/AccessibilityUtilities and /Applications/Xcode.app/Contents/Developer/Platforms/iPhoneSimulator.platform/Developer/SDKs/iPhoneSimulator7.1.sdk/usr/lib/libAXSpeechManager.dylib. One of the two will be used. Which one is undefined.
2014-06-03 14:02:11.931 Trucking[42785:70b] Cannot find executable for CFBundle 0xa616110 </Applications/Xcode.app/Contents/Developer/Platforms/iPhoneSimulator.platform/Developer/SDKs/iPhoneSimulator7.1.sdk/System/Library/AccessibilityBundles/GeoServices.axbundle> (not loaded)
2014-06-03 14:02:11.940 Trucking[42785:70b] Cannot find executable for CFBundle 0xab34960 </Applications/Xcode.app/Contents/Developer/Platforms/iPhoneSimulator.platform/Developer/SDKs/iPhoneSimulator7.1.sdk/System/Library/AccessibilityBundles/CertUIFramework.axbundle> (not loaded)
2014-06-03 14:02:11.990 Trucking[42785:70b] Multi-tasking -> Device: YES, App: YES
2014-06-03 14:02:12.000 Trucking[42785:70b] Unlimited access to network resources
2014-06-03 14:02:12.027 Trucking[42785:70b] [CDVTimer][keyboard] 0.083029ms
2014-06-03 14:02:12.028 Trucking[42785:70b] [CDVTimer][TotalPluginStartup] 0.586987ms
2014-06-03 14:02:12.227 Trucking[42785:70b] Resetting plugins due to page load.
2014-06-03 14:02:12.561 Trucking[42785:70b] Finished load of: file:///Users/paolob/Library/Application%20Support/iPhone%20Simulator/7.1/Applications/FCD662B9-A270-47A9-9149-7AED2E3173F9/Trucking.app/www/index.html#/despachos/start
2014-06-03 14:02:12.712 Trucking[42785:70b] ionic is ready
2014-06-03 14:02:21.448 Trucking[42785:70b] 1
2014-06-03 14:02:23.791 Trucking[42785:70b] {"title":"Full Truck","status":2,"required":0,"image":"http://placehold.it/200x150"}
2014-06-03 14:02:24.610 Trucking[42785:70b] {"title":"Truck Sideview Left","status":1,"required":0,"image":"http://placehold.it/200x150"}
2014-06-03 14:02:25.195 Trucking[42785:70b] {"title":"Truck Sideview Right","status":0,"required":0,"image":"http://placehold.it/200x150"}
2014-06-03 14:02:25.953 Trucking[42785:70b] Weight
2014-06-03 14:02:28.113 Trucking[42785:70b] Truck
